TN:
SF:/Users/rabodevops3/Documents/RaboAssessment /csv-file-parser/src/polyfills.ts
FNF:0
FNH:0
LF:0
LH:0
BRF:0
BRH:0
end_of_record
TN:
SF:/Users/rabodevops3/Documents/RaboAssessment /csv-file-parser/src/test.ts
FNF:0
FNH:0
DA:18,1
DA:23,1
DA:25,1
LF:3
LH:3
BRF:0
BRH:0
end_of_record
TN:
SF:/Users/rabodevops3/Documents/RaboAssessment /csv-file-parser/src/app/app.component.ts
FN:11,(anonymous_0)
FNF:1
FNH:1
FNDA:2,(anonymous_0)
DA:11,1
DA:12,2
LF:2
LH:2
BRF:0
BRH:0
end_of_record
TN:
SF:/Users/rabodevops3/Documents/RaboAssessment /csv-file-parser/src/app/csv-visualizer/csv-visualizer.component.ts
FN:16,(anonymous_0)
FNF:1
FNH:0
FNDA:0,(anonymous_0)
DA:11,1
DA:14,1
LF:2
LH:2
BRF:0
BRH:0
end_of_record
TN:
SF:/Users/rabodevops3/Documents/RaboAssessment /csv-file-parser/src/app/header/header.component.ts
FN:10,(anonymous_0)
FN:12,(anonymous_1)
FNF:2
FNH:2
FNDA:1,(anonymous_0)
FNDA:1,(anonymous_1)
DA:8,1
LF:1
LH:1
BRF:0
BRH:0
end_of_record
TN:
SF:/Users/rabodevops3/Documents/RaboAssessment /csv-file-parser/src/app/model/user-details.model.ts
FNF:0
FNH:0
LF:0
LH:0
BRF:0
BRH:0
end_of_record
TN:
SF:/Users/rabodevops3/Documents/RaboAssessment /csv-file-parser/src/app/service/constant.service.ts
FN:3,(anonymous_0)
FNF:1
FNH:1
FNDA:1,(anonymous_0)
DA:5,1
DA:6,1
LF:2
LH:2
BRF:0
BRH:0
end_of_record
TN:
SF:/Users/rabodevops3/Documents/RaboAssessment /csv-file-parser/src/app/service/csv-parser.service.ts
FN:16,(anonymous_0)
FN:20,(anonymous_1)
FN:35,(anonymous_2)
FN:52,(anonymous_3)
FN:56,(anonymous_4)
FN:61,(anonymous_5)
FN:62,(anonymous_6)
FN:77,(anonymous_7)
FN:85,(anonymous_8)
FNF:9
FNH:6
FNDA:7,(anonymous_0)
FNDA:2,(anonymous_1)
FNDA:0,(anonymous_2)
FNDA:0,(anonymous_3)
FNDA:3,(anonymous_4)
FNDA:8,(anonymous_5)
FNDA:32,(anonymous_6)
FNDA:0,(anonymous_7)
FNDA:2,(anonymous_8)
DA:10,1
DA:12,7
DA:14,7
DA:16,7
DA:21,2
DA:22,2
DA:25,2
DA:26,3
DA:27,3
DA:28,3
DA:29,3
DA:30,3
DA:31,3
DA:32,3
DA:33,1
DA:34,1
DA:35,1
DA:36,0
DA:38,1
DA:42,2
DA:44,2
DA:45,2
DA:46,2
DA:49,1
DA:53,0
DA:57,3
DA:58,3
DA:61,2
DA:62,8
DA:63,32
DA:64,7
DA:68,2
DA:69,1
DA:70,1
DA:73,2
DA:76,1
DA:77,1
DA:78,0
DA:86,2
DA:87,2
DA:88,2
DA:89,8
DA:91,2
LF:43
LH:40
BRDA:27,0,0,3
BRDA:27,0,1,0
BRDA:32,1,0,1
BRDA:32,1,1,2
BRDA:58,2,0,2
BRDA:58,2,1,1
BRDA:63,3,0,7
BRDA:63,3,1,25
BRDA:68,4,0,1
BRDA:68,4,1,1
BRF:10
BRH:9
end_of_record
TN:
SF:/Users/rabodevops3/Documents/RaboAssessment /csv-file-parser/src/app/user-dashboard/user-dashboard.component.ts
FN:21,(anonymous_0)
FN:115,(anonymous_1)
FN:27,(anonymous_2)
FN:32,(anonymous_3)
FN:45,(anonymous_4)
FN:51,(anonymous_5)
FN:63,(anonymous_6)
FN:81,(anonymous_7)
FN:85,(anonymous_8)
FN:90,(anonymous_9)
FN:92,(anonymous_10)
FN:97,(anonymous_11)
FN:102,(anonymous_12)
FN:111,(anonymous_13)
FNF:14
FNH:7
FNDA:7,(anonymous_0)
FNDA:4,(anonymous_1)
FNDA:7,(anonymous_2)
FNDA:0,(anonymous_3)
FNDA:0,(anonymous_4)
FNDA:0,(anonymous_5)
FNDA:0,(anonymous_6)
FNDA:1,(anonymous_7)
FNDA:14,(anonymous_8)
FNDA:0,(anonymous_9)
FNDA:0,(anonymous_10)
FNDA:0,(anonymous_11)
FNDA:2,(anonymous_12)
FNDA:6,(anonymous_13)
DA:11,1
DA:13,1
DA:14,7
DA:16,7
DA:17,7
DA:18,7
DA:19,7
DA:21,7
DA:28,7
DA:29,7
DA:34,0
DA:36,0
DA:37,0
DA:40,0
DA:41,0
DA:42,0
DA:43,0
DA:45,0
DA:46,0
DA:47,0
DA:48,0
DA:49,0
DA:50,0
DA:51,0
DA:52,0
DA:54,0
DA:57,0
DA:58,0
DA:60,0
DA:61,0
DA:62,0
DA:63,0
DA:64,0
DA:66,0
DA:68,0
DA:70,0
DA:71,0
DA:75,0
DA:76,0
DA:82,1
DA:83,1
DA:86,14
DA:92,0
DA:93,0
DA:95,0
DA:97,0
DA:98,0
DA:103,2
DA:104,2
DA:106,2
DA:107,1
DA:112,6
DA:115,7
DA:116,4
DA:117,4
LF:55
LH:21
BRDA:40,0,0,0
BRDA:40,0,1,0
BRDA:48,1,0,0
BRDA:48,1,1,0
BRDA:58,2,0,0
BRDA:58,2,1,0
BRDA:106,3,0,1
BRDA:106,3,1,1
BRDA:112,4,0,4
BRDA:112,4,1,2
BRDA:112,5,0,2
BRDA:112,5,1,0
BRF:12
BRH:5
end_of_record
