TN:
SF:/Users/rabodevops3/Documents/Rabo-Assignment-FrontEnd/src/polyfills.ts
FNF:0
FNH:0
LF:0
LH:0
BRF:0
BRH:0
end_of_record
TN:
SF:/Users/rabodevops3/Documents/Rabo-Assignment-FrontEnd/src/test.ts
FNF:0
FNH:0
DA:18,1
DA:23,1
DA:25,1
LF:3
LH:3
BRF:0
BRH:0
end_of_record
TN:
SF:/Users/rabodevops3/Documents/Rabo-Assignment-FrontEnd/src/app/app.component.ts
FN:11,(anonymous_0)
FNF:1
FNH:1
FNDA:2,(anonymous_0)
DA:11,1
DA:12,2
LF:2
LH:2
BRF:0
BRH:0
end_of_record
TN:
SF:/Users/rabodevops3/Documents/Rabo-Assignment-FrontEnd/src/app/csv-visualizer/csv-visualizer.component.ts
FN:16,(anonymous_0)
FNF:1
FNH:0
FNDA:0,(anonymous_0)
DA:11,1
DA:14,1
LF:2
LH:2
BRF:0
BRH:0
end_of_record
TN:
SF:/Users/rabodevops3/Documents/Rabo-Assignment-FrontEnd/src/app/header/header.component.ts
FN:10,(anonymous_0)
FN:12,(anonymous_1)
FNF:2
FNH:2
FNDA:1,(anonymous_0)
FNDA:1,(anonymous_1)
DA:8,1
LF:1
LH:1
BRF:0
BRH:0
end_of_record
TN:
SF:/Users/rabodevops3/Documents/Rabo-Assignment-FrontEnd/src/app/model/user-details.model.ts
FNF:0
FNH:0
LF:0
LH:0
BRF:0
BRH:0
end_of_record
TN:
SF:/Users/rabodevops3/Documents/Rabo-Assignment-FrontEnd/src/app/service/constant.service.ts
FN:3,(anonymous_0)
FNF:1
FNH:1
FNDA:1,(anonymous_0)
DA:5,1
DA:6,1
LF:2
LH:2
BRF:0
BRH:0
end_of_record
TN:
SF:/Users/rabodevops3/Documents/Rabo-Assignment-FrontEnd/src/app/service/csv-parser.service.ts
FN:16,(anonymous_0)
FN:20,(anonymous_1)
FN:35,(anonymous_2)
FN:52,(anonymous_3)
FN:56,(anonymous_4)
FN:61,(anonymous_5)
FN:62,(anonymous_6)
FN:77,(anonymous_7)
FN:85,(anonymous_8)
FNF:9
FNH:6
FNDA:7,(anonymous_0)
FNDA:2,(anonymous_1)
FNDA:0,(anonymous_2)
FNDA:0,(anonymous_3)
FNDA:3,(anonymous_4)
FNDA:8,(anonymous_5)
FNDA:32,(anonymous_6)
FNDA:0,(anonymous_7)
FNDA:2,(anonymous_8)
DA:10,1
DA:12,7
DA:14,7
DA:16,7
DA:21,2
DA:22,2
DA:25,2
DA:26,3
DA:27,3
DA:28,3
DA:29,3
DA:30,3
DA:31,3
DA:32,3
DA:33,1
DA:34,1
DA:35,1
DA:36,0
DA:38,1
DA:42,2
DA:44,2
DA:45,2
DA:46,2
DA:49,1
DA:53,0
DA:57,3
DA:58,3
DA:61,2
DA:62,8
DA:63,32
DA:64,7
DA:68,2
DA:69,1
DA:70,1
DA:73,2
DA:76,1
DA:77,1
DA:78,0
DA:86,2
DA:87,2
DA:88,2
DA:89,8
DA:91,2
LF:43
LH:40
BRDA:27,0,0,3
BRDA:27,0,1,0
BRDA:32,1,0,1
BRDA:32,1,1,2
BRDA:58,2,0,2
BRDA:58,2,1,1
BRDA:63,3,0,7
BRDA:63,3,1,25
BRDA:68,4,0,1
BRDA:68,4,1,1
BRF:10
BRH:9
end_of_record
TN:
SF:/Users/rabodevops3/Documents/Rabo-Assignment-FrontEnd/src/app/user-dashboard/user-dashboard.component.ts
FN:22,(anonymous_0)
FN:127,(anonymous_1)
FN:29,(anonymous_2)
FN:35,(anonymous_3)
FN:48,(anonymous_4)
FN:61,(anonymous_5)
FN:66,(anonymous_6)
FN:78,(anonymous_7)
FN:93,(anonymous_8)
FN:97,(anonymous_9)
FN:102,(anonymous_10)
FN:104,(anonymous_11)
FN:109,(anonymous_12)
FN:114,(anonymous_13)
FN:123,(anonymous_14)
FNF:15
FNH:9
FNDA:7,(anonymous_0)
FNDA:4,(anonymous_1)
FNDA:8,(anonymous_2)
FNDA:0,(anonymous_3)
FNDA:0,(anonymous_4)
FNDA:1,(anonymous_5)
FNDA:0,(anonymous_6)
FNDA:0,(anonymous_7)
FNDA:1,(anonymous_8)
FNDA:14,(anonymous_9)
FNDA:1,(anonymous_10)
FNDA:0,(anonymous_11)
FNDA:0,(anonymous_12)
FNDA:2,(anonymous_13)
FNDA:6,(anonymous_14)
DA:12,1
DA:14,1
DA:15,7
DA:17,7
DA:18,7
DA:19,7
DA:20,7
DA:22,7
DA:30,8
DA:31,8
DA:32,8
DA:37,0
DA:39,0
DA:40,0
DA:43,0
DA:44,0
DA:45,0
DA:46,0
DA:48,0
DA:49,0
DA:51,0
DA:56,0
DA:57,0
DA:62,1
DA:63,1
DA:64,1
DA:65,1
DA:66,1
DA:67,0
DA:72,1
DA:73,1
DA:75,1
DA:76,1
DA:77,1
DA:78,1
DA:79,0
DA:84,1
DA:86,1
DA:87,1
DA:94,1
DA:95,1
DA:98,14
DA:104,1
DA:105,0
DA:107,0
DA:109,1
DA:110,0
DA:115,2
DA:116,2
DA:118,2
DA:119,1
DA:124,6
DA:127,7
DA:128,4
DA:129,4
LF:55
LH:38
BRDA:43,0,0,0
BRDA:43,0,1,0
BRDA:63,1,0,1
BRDA:63,1,1,0
BRDA:73,2,0,1
BRDA:73,2,1,0
BRDA:118,3,0,1
BRDA:118,3,1,1
BRDA:124,4,0,4
BRDA:124,4,1,2
BRDA:124,5,0,2
BRDA:124,5,1,0
BRF:12
BRH:7
end_of_record
